-------------------------------------------------------------------------------
Test set: com.rtd.engine.card.views.HandViewTest
-------------------------------------------------------------------------------
Tests run: 1, Failures: 0, Errors: 1, Skipped: 0, Time elapsed: 0.001 s <<< FAILURE! - in com.rtd.engine.card.views.HandViewTest
testHandView(com.rtd.engine.card.views.HandViewTest)  Time elapsed: 0.001 s  <<< ERROR!
java.lang.NullPointerException
	at com.rtd.engine.card.views.HandViewTest.testHandView(HandViewTest.java:29)

